[2025-11-22 00:52:18] INFO     [app:90] ================================================================================
[2025-11-22 00:52:18] INFO     [app:90] ================================================================================
[2025-11-22 00:52:18] INFO     [app:91] 🚀 Teamarr - Template-Based Sports EPG Generator
[2025-11-22 00:52:18] INFO     [app:91] 🚀 Teamarr - Template-Based Sports EPG Generator
[2025-11-22 00:52:18] INFO     [app:92] ================================================================================
[2025-11-22 00:52:18] INFO     [app:92] ================================================================================
[2025-11-22 00:52:18] INFO     [app:93] Log level: DEBUG
[2025-11-22 00:52:18] INFO     [app:93] Log level: DEBUG
[2025-11-22 00:52:18] INFO     [app:94] Log directory: /srv/dev-disk-by-uuid-c332869f-d034-472c-a641-ccf1f28e52d6/scratch/teamarr/teamarr-redux/logs
[2025-11-22 00:52:18] INFO     [app:94] Log directory: /srv/dev-disk-by-uuid-c332869f-d034-472c-a641-ccf1f28e52d6/scratch/teamarr/teamarr-redux/logs
[2025-11-22 00:52:18] INFO     [app:95] Port: 9196
[2025-11-22 00:52:18] INFO     [app:95] Port: 9196
[2025-11-22 00:52:18] INFO     [app:96] ================================================================================
[2025-11-22 00:52:18] INFO     [app:96] ================================================================================
[2025-11-22 00:52:18] WARNING  [werkzeug:224]  * Debugger is active!
[2025-11-22 00:52:53] INFO     [app:90] ================================================================================
[2025-11-22 00:52:53] INFO     [app:90] ================================================================================
[2025-11-22 00:52:53] INFO     [app:91] 🚀 Teamarr - Template-Based Sports EPG Generator
[2025-11-22 00:52:53] INFO     [app:91] 🚀 Teamarr - Template-Based Sports EPG Generator
[2025-11-22 00:52:53] INFO     [app:92] ================================================================================
[2025-11-22 00:52:53] INFO     [app:92] ================================================================================
[2025-11-22 00:52:53] INFO     [app:93] Log level: DEBUG
[2025-11-22 00:52:53] INFO     [app:93] Log level: DEBUG
[2025-11-22 00:52:53] INFO     [app:94] Log directory: /srv/dev-disk-by-uuid-c332869f-d034-472c-a641-ccf1f28e52d6/scratch/teamarr/teamarr-redux/logs
[2025-11-22 00:52:53] INFO     [app:94] Log directory: /srv/dev-disk-by-uuid-c332869f-d034-472c-a641-ccf1f28e52d6/scratch/teamarr/teamarr-redux/logs
[2025-11-22 00:52:53] INFO     [app:95] Port: 9196
[2025-11-22 00:52:53] INFO     [app:95] Port: 9196
[2025-11-22 00:52:53] INFO     [app:96] ================================================================================
[2025-11-22 00:52:53] INFO     [app:96] ================================================================================
[2025-11-22 00:52:53] WARNING  [werkzeug:224]  * Debugger is active!
[2025-11-22 00:52:54] INFO     [app:90] ================================================================================
[2025-11-22 00:52:54] INFO     [app:90] ================================================================================
[2025-11-22 00:52:54] INFO     [app:91] 🚀 Teamarr - Template-Based Sports EPG Generator
[2025-11-22 00:52:54] INFO     [app:91] 🚀 Teamarr - Template-Based Sports EPG Generator
[2025-11-22 00:52:54] INFO     [app:92] ================================================================================
[2025-11-22 00:52:54] INFO     [app:92] ================================================================================
[2025-11-22 00:52:54] INFO     [app:93] Log level: DEBUG
[2025-11-22 00:52:54] INFO     [app:93] Log level: DEBUG
[2025-11-22 00:52:54] INFO     [app:94] Log directory: /srv/dev-disk-by-uuid-c332869f-d034-472c-a641-ccf1f28e52d6/scratch/teamarr/teamarr-redux/logs
[2025-11-22 00:52:54] INFO     [app:94] Log directory: /srv/dev-disk-by-uuid-c332869f-d034-472c-a641-ccf1f28e52d6/scratch/teamarr/teamarr-redux/logs
[2025-11-22 00:52:54] INFO     [app:95] Port: 9196
[2025-11-22 00:52:54] INFO     [app:95] Port: 9196
[2025-11-22 00:52:54] INFO     [app:96] ================================================================================
[2025-11-22 00:52:54] INFO     [app:96] ================================================================================
[2025-11-22 00:52:54] WARNING  [werkzeug:224]  * Debugger is active!
[2025-11-22 00:53:02] INFO     [app:90] ================================================================================
[2025-11-22 00:53:02] INFO     [app:90] ================================================================================
[2025-11-22 00:53:02] INFO     [app:91] 🚀 Teamarr - Template-Based Sports EPG Generator
[2025-11-22 00:53:02] INFO     [app:91] 🚀 Teamarr - Template-Based Sports EPG Generator
[2025-11-22 00:53:02] INFO     [app:92] ================================================================================
[2025-11-22 00:53:02] INFO     [app:92] ================================================================================
[2025-11-22 00:53:02] INFO     [app:93] Log level: DEBUG
[2025-11-22 00:53:02] INFO     [app:93] Log level: DEBUG
[2025-11-22 00:53:02] INFO     [app:94] Log directory: /srv/dev-disk-by-uuid-c332869f-d034-472c-a641-ccf1f28e52d6/scratch/teamarr/teamarr-redux/logs
[2025-11-22 00:53:02] INFO     [app:94] Log directory: /srv/dev-disk-by-uuid-c332869f-d034-472c-a641-ccf1f28e52d6/scratch/teamarr/teamarr-redux/logs
[2025-11-22 00:53:02] INFO     [app:95] Port: 9196
[2025-11-22 00:53:02] INFO     [app:95] Port: 9196
[2025-11-22 00:53:02] INFO     [app:96] ================================================================================
[2025-11-22 00:53:02] INFO     [app:96] ================================================================================
